<?xml version="1.0" encoding="UTF-8"?>
<!-- Generated by org.testng.reporters.JUnitXMLReporter -->
<testsuite hostname="MN-VAIO" ignored="3" name="Test Maven Testing" tests="7" failures="0" timestamp="08 Feb 2018 13:34:53 GMT" time="108.82" errors="0">
  <testcase name="loginPageTitleTest" time="0.016" classname="com.crm.qa.testcases.LoginPageTest"/>
  <testcase name="SelectContactTest" time="1.213" classname="com.crm.qa.testcases.ContactPageTest"/>
  <testcase name="verifyUserNameTest" time="2.846" classname="com.crm.qa.testcases.HomePageTest"/>
  <testcase name="crmLogoImageTest" time="0.118" classname="com.crm.qa.testcases.LoginPageTest"/>
  <testcase name="verifyContactsLinkTest" time="5.097" classname="com.crm.qa.testcases.HomePageTest"/>
  <testcase name="loginTest" time="0.336" classname="com.crm.qa.testcases.LoginPageTest"/>
  <testcase name="signUpTest" time="0.077" classname="com.crm.qa.testcases.LoginPageTest"/>
  <testcase name="verifyContactPageLabelTest" time="0.0" classname="com.crm.qa.testcases.ContactPageTest">
    <ignored/>
  </testcase> <!-- verifyContactPageLabelTest -->
  <testcase name="validateNewContactTest" time="0.0" classname="com.crm.qa.testcases.ContactPageTest">
    <ignored/>
  </testcase> <!-- validateNewContactTest -->
  <testcase name="verifyHomePageTitleTest" time="0.0" classname="com.crm.qa.testcases.HomePageTest">
    <ignored/>
  </testcase> <!-- verifyHomePageTitleTest -->
</testsuite> <!-- Test Maven Testing -->
