<?xml version="1.0" encoding="UTF-8"?>
<testsuite xmlns:xsi="http://www.w3.org/2001/XMLSchema-instance" xsi:schemaLocation="https://maven.apache.org/surefire/maven-surefire-plugin/xsd/surefire-test-report.xsd" name="TestSuite" time="110.151" tests="7" errors="0" skipped="0" failures="0">
  <properties>
[...]
</properties>
  <testcase name="loginPageTitleTest" classname="com.crm.qa.testcases.LoginPageTest" time="0.02"/>
  <testcase name="SelectContactTest" classname="com.crm.qa.testcases.ContactPageTest" time="1.214"/>
  <testcase name="verifyUserNameTest" classname="com.crm.qa.testcases.HomePageTest" time="2.842"/>
  <testcase name="crmLogoImageTest" classname="com.crm.qa.testcases.LoginPageTest" time="0.114"/>
  <testcase name="verifyContactsLinkTest" classname="com.crm.qa.testcases.HomePageTest" time="5.099"/>
  <testcase name="loginTest" classname="com.crm.qa.testcases.LoginPageTest" time="0.332"/>
  <testcase name="signUpTest" classname="com.crm.qa.testcases.LoginPageTest" time="0.074"/>
</testsuite>